<?xml version="1.0" encoding="UTF-8"?>
<testsuites>
  <testsuite name="" tests="157" assertions="290" errors="0" warnings="0" failures="26" skipped="7" time="4.058542">
    <testsuite name="CNIC PHP-SDK" tests="157" assertions="290" errors="0" warnings="0" failures="26" skipped="7" time="4.058542">
      <testsuite name="CNICTEST\CNRClientTest" file="/home/ad.ks.de/kschwarz/git/php-sdk/tests/CNR/ClientTest.php" tests="45" assertions="82" errors="0" warnings="0" failures="10" skipped="6" time="1.514231">
        <testcase name="testGetPOSTDataSecured" class="CNICTEST\CNRClientTest" classname="CNICTEST.CNRClientTest" file="/home/ad.ks.de/kschwarz/git/php-sdk/tests/CNR/ClientTest.php" line="36" assertions="1" time="0.002675">
          <failure type="PHPUnit\Framework\ExpectationFailedException">CNICTEST\CNRClientTest::testGetPOSTDataSecured
Failed asserting that two strings are equal.
--- Expected
+++ Actual
@@ @@
-'s_login=&amp;s_pw=%2A%2A%2A&amp;s_command=COMMAND%3DCheckAuthentication%0ASUBUSER%3D%0APASSWORD%3D%2A%2A%2A'
+'s_command=COMMAND%3DCheckAuthentication%0ASUBUSER%3D%0APASSWORD%3D%2A%2A%2A'

/home/ad.ks.de/kschwarz/git/php-sdk/tests/CNR/ClientTest.php:47
phpvfscomposer:///home/ad.ks.de/kschwarz/git/php-sdk/vendor/phpunit/phpunit/phpunit:97</failure>
        </testcase>
        <testcase name="testGetPOSTDataObj" class="CNICTEST\CNRClientTest" classname="CNICTEST.CNRClientTest" file="/home/ad.ks.de/kschwarz/git/php-sdk/tests/CNR/ClientTest.php" line="53" assertions="1" time="0.000417"/>
        <testcase name="testGetPOSTDataStr" class="CNICTEST\CNRClientTest" classname="CNICTEST.CNRClientTest" file="/home/ad.ks.de/kschwarz/git/php-sdk/tests/CNR/ClientTest.php" line="62" assertions="1" time="0.000532"/>
        <testcase name="testGetPOSTDataNull" class="CNICTEST\CNRClientTest" classname="CNICTEST.CNRClientTest" file="/home/ad.ks.de/kschwarz/git/php-sdk/tests/CNR/ClientTest.php" line="68" assertions="1" time="0.000412"/>
        <testcase name="testGetSession" class="CNICTEST\CNRClientTest" classname="CNICTEST.CNRClientTest" file="/home/ad.ks.de/kschwarz/git/php-sdk/tests/CNR/ClientTest.php" line="77" assertions="1" time="0.000537"/>
        <testcase name="testGetSessionIDSet" class="CNICTEST\CNRClientTest" classname="CNICTEST.CNRClientTest" file="/home/ad.ks.de/kschwarz/git/php-sdk/tests/CNR/ClientTest.php" line="83" assertions="1" time="0.000444"/>
        <testcase name="testGetURL" class="CNICTEST\CNRClientTest" classname="CNICTEST.CNRClientTest" file="/home/ad.ks.de/kschwarz/git/php-sdk/tests/CNR/ClientTest.php" line="91" assertions="1" time="0.000430"/>
        <testcase name="testGetUserAgent" class="CNICTEST\CNRClientTest" classname="CNICTEST.CNRClientTest" file="/home/ad.ks.de/kschwarz/git/php-sdk/tests/CNR/ClientTest.php" line="97" assertions="1" time="0.000420"/>
        <testcase name="testSetUserAgent" class="CNICTEST\CNRClientTest" classname="CNICTEST.CNRClientTest" file="/home/ad.ks.de/kschwarz/git/php-sdk/tests/CNR/ClientTest.php" line="103" assertions="2" time="0.000617"/>
        <testcase name="testSetUserAgentModules" class="CNICTEST\CNRClientTest" classname="CNICTEST.CNRClientTest" file="/home/ad.ks.de/kschwarz/git/php-sdk/tests/CNR/ClientTest.php" line="113" assertions="2" time="0.000515"/>
        <testcase name="testSetURL" class="CNICTEST\CNRClientTest" classname="CNICTEST.CNRClientTest" file="/home/ad.ks.de/kschwarz/git/php-sdk/tests/CNR/ClientTest.php" line="124" assertions="1" time="0.000508"/>
        <testcase name="testSetOTPSet" class="CNICTEST\CNRClientTest" classname="CNICTEST.CNRClientTest" file="/home/ad.ks.de/kschwarz/git/php-sdk/tests/CNR/ClientTest.php" line="136" assertions="1" time="0.000798"/>
        <testcase name="testSetOTPReset" class="CNICTEST\CNRClientTest" classname="CNICTEST.CNRClientTest" file="/home/ad.ks.de/kschwarz/git/php-sdk/tests/CNR/ClientTest.php" line="142" assertions="1" time="0.000804"/>
        <testcase name="testSetSessionSet" class="CNICTEST\CNRClientTest" classname="CNICTEST.CNRClientTest" file="/home/ad.ks.de/kschwarz/git/php-sdk/tests/CNR/ClientTest.php" line="151" assertions="1" time="0.000520"/>
        <testcase name="testSetSessionCredentials" class="CNICTEST\CNRClientTest" classname="CNICTEST.CNRClientTest" file="/home/ad.ks.de/kschwarz/git/php-sdk/tests/CNR/ClientTest.php" line="160" assertions="1" time="0.000496"/>
        <testcase name="testSetSessionReset" class="CNICTEST\CNRClientTest" classname="CNICTEST.CNRClientTest" file="/home/ad.ks.de/kschwarz/git/php-sdk/tests/CNR/ClientTest.php" line="171" assertions="1" time="0.000446"/>
        <testcase name="testSaveReuseSession" class="CNICTEST\CNRClientTest" classname="CNICTEST.CNRClientTest" file="/home/ad.ks.de/kschwarz/git/php-sdk/tests/CNR/ClientTest.php" line="180" assertions="1" time="0.000620"/>
        <testcase name="testSetRemoteIPAddressSet" class="CNICTEST\CNRClientTest" classname="CNICTEST.CNRClientTest" file="/home/ad.ks.de/kschwarz/git/php-sdk/tests/CNR/ClientTest.php" line="195" assertions="1" time="0.000525"/>
        <testcase name="testSetRemoteIPAddressReset" class="CNICTEST\CNRClientTest" classname="CNICTEST.CNRClientTest" file="/home/ad.ks.de/kschwarz/git/php-sdk/tests/CNR/ClientTest.php" line="201" assertions="1" time="0.000503"/>
        <testcase name="testSetCredentialsSet" class="CNICTEST\CNRClientTest" classname="CNICTEST.CNRClientTest" file="/home/ad.ks.de/kschwarz/git/php-sdk/tests/CNR/ClientTest.php" line="210" assertions="1" time="0.000515"/>
        <testcase name="testSetCredentialsReset" class="CNICTEST\CNRClientTest" classname="CNICTEST.CNRClientTest" file="/home/ad.ks.de/kschwarz/git/php-sdk/tests/CNR/ClientTest.php" line="219" assertions="1" time="0.000520"/>
        <testcase name="testSetRoleCredentialsSet" class="CNICTEST\CNRClientTest" classname="CNICTEST.CNRClientTest" file="/home/ad.ks.de/kschwarz/git/php-sdk/tests/CNR/ClientTest.php" line="228" assertions="1" time="0.000572"/>
        <testcase name="testSetRoleCredentialsReset" class="CNICTEST\CNRClientTest" classname="CNICTEST.CNRClientTest" file="/home/ad.ks.de/kschwarz/git/php-sdk/tests/CNR/ClientTest.php" line="237" assertions="1" time="0.000601"/>
        <testcase name="testLoginCredsOK" class="CNICTEST\CNRClientTest" classname="CNICTEST.CNRClientTest" file="/home/ad.ks.de/kschwarz/git/php-sdk/tests/CNR/ClientTest.php" line="246" assertions="0" time="0.000728">
          <skipped/>
        </testcase>
        <testcase name="testLoginCredsFAIL" class="CNICTEST\CNRClientTest" classname="CNICTEST.CNRClientTest" file="/home/ad.ks.de/kschwarz/git/php-sdk/tests/CNR/ClientTest.php" line="275" assertions="2" time="0.142605"/>
        <testcase name="testLoginExtendedCredsOK" class="CNICTEST\CNRClientTest" classname="CNICTEST.CNRClientTest" file="/home/ad.ks.de/kschwarz/git/php-sdk/tests/CNR/ClientTest.php" line="286" assertions="0" time="0.000526">
          <skipped/>
        </testcase>
        <testcase name="testLogoutOK" class="CNICTEST\CNRClientTest" classname="CNICTEST.CNRClientTest" file="/home/ad.ks.de/kschwarz/git/php-sdk/tests/CNR/ClientTest.php" line="303" assertions="0" time="0.000428">
          <skipped/>
        </testcase>
        <testcase name="testLogoutFAIL" class="CNICTEST\CNRClientTest" classname="CNICTEST.CNRClientTest" file="/home/ad.ks.de/kschwarz/git/php-sdk/tests/CNR/ClientTest.php" line="313" assertions="2" time="0.100957"/>
        <testcase name="testRequestFlattenCommand" class="CNICTEST\CNRClientTest" classname="CNICTEST.CNRClientTest" file="/home/ad.ks.de/kschwarz/git/php-sdk/tests/CNR/ClientTest.php" line="320" assertions="2" time="0.138191">
          <failure type="PHPUnit\Framework\ExpectationFailedException">CNICTEST\CNRClientTest::testRequestFlattenCommand
Failed asserting that true matches expected false.

/home/ad.ks.de/kschwarz/git/php-sdk/tests/CNR/ClientTest.php:329
phpvfscomposer:///home/ad.ks.de/kschwarz/git/php-sdk/vendor/phpunit/phpunit/phpunit:97</failure>
        </testcase>
        <testcase name="testIdnaToAscii" class="CNICTEST\CNRClientTest" classname="CNICTEST.CNRClientTest" file="/home/ad.ks.de/kschwarz/git/php-sdk/tests/CNR/ClientTest.php" line="341" assertions="23" time="0.003907"/>
        <testcase name="testRequestAUTOIdnConvert" class="CNICTEST\CNRClientTest" classname="CNICTEST.CNRClientTest" file="/home/ad.ks.de/kschwarz/git/php-sdk/tests/CNR/ClientTest.php" line="447" assertions="2" time="0.106715">
          <failure type="PHPUnit\Framework\ExpectationFailedException">CNICTEST\CNRClientTest::testRequestAUTOIdnConvert
Failed asserting that true matches expected false.

/home/ad.ks.de/kschwarz/git/php-sdk/tests/CNR/ClientTest.php:456
phpvfscomposer:///home/ad.ks.de/kschwarz/git/php-sdk/vendor/phpunit/phpunit/phpunit:97</failure>
        </testcase>
        <testcase name="testRequestAUTOIdnConvert1a" class="CNICTEST\CNRClientTest" classname="CNICTEST.CNRClientTest" file="/home/ad.ks.de/kschwarz/git/php-sdk/tests/CNR/ClientTest.php" line="474" assertions="3" time="0.111392">
          <failure type="PHPUnit\Framework\ExpectationFailedException">CNICTEST\CNRClientTest::testRequestAUTOIdnConvert1a
Failed asserting that 545 matches expected 531.

/home/ad.ks.de/kschwarz/git/php-sdk/tests/CNR/ClientTest.php:484
phpvfscomposer:///home/ad.ks.de/kschwarz/git/php-sdk/vendor/phpunit/phpunit/phpunit:97</failure>
        </testcase>
        <testcase name="testRequestAUTOIdnConvert2" class="CNICTEST\CNRClientTest" classname="CNICTEST.CNRClientTest" file="/home/ad.ks.de/kschwarz/git/php-sdk/tests/CNR/ClientTest.php" line="495" assertions="0" time="0.003179">
          <skipped/>
        </testcase>
        <testcase name="testRequestAUTOIdnConvert3" class="CNICTEST\CNRClientTest" classname="CNICTEST.CNRClientTest" file="/home/ad.ks.de/kschwarz/git/php-sdk/tests/CNR/ClientTest.php" line="520" assertions="0" time="0.002747">
          <skipped/>
        </testcase>
        <testcase name="testRequestCodeTmpErrorDbg" class="CNICTEST\CNRClientTest" classname="CNICTEST.CNRClientTest" file="/home/ad.ks.de/kschwarz/git/php-sdk/tests/CNR/ClientTest.php" line="544" assertions="2" time="0.119314">
          <failure type="PHPUnit\Framework\ExpectationFailedException">CNICTEST\CNRClientTest::testRequestCodeTmpErrorDbg
Failed asserting that true matches expected false.

/home/ad.ks.de/kschwarz/git/php-sdk/tests/CNR/ClientTest.php:551
phpvfscomposer:///home/ad.ks.de/kschwarz/git/php-sdk/vendor/phpunit/phpunit/phpunit:97</failure>
          <system-out>Array
(
    [COMMAND] =&gt; StatusAccount
)

s_command=COMMAND%3DStatusAccount

[RESPONSE]
code = 531
description = Authorization failed
EOF
</system-out>
        </testcase>
        <testcase name="testRequestCodeTmpErrorNoDbg" class="CNICTEST\CNRClientTest" classname="CNICTEST.CNRClientTest" file="/home/ad.ks.de/kschwarz/git/php-sdk/tests/CNR/ClientTest.php" line="557" assertions="2" time="0.120666">
          <failure type="PHPUnit\Framework\ExpectationFailedException">CNICTEST\CNRClientTest::testRequestCodeTmpErrorNoDbg
Failed asserting that true matches expected false.

/home/ad.ks.de/kschwarz/git/php-sdk/tests/CNR/ClientTest.php:562
phpvfscomposer:///home/ad.ks.de/kschwarz/git/php-sdk/vendor/phpunit/phpunit/phpunit:97</failure>
        </testcase>
        <testcase name="testRequestNextResponsePageNoLast" class="CNICTEST\CNRClientTest" classname="CNICTEST.CNRClientTest" file="/home/ad.ks.de/kschwarz/git/php-sdk/tests/CNR/ClientTest.php" line="568" assertions="2" time="0.129408">
          <failure type="PHPUnit\Framework\ExpectationFailedException">CNICTEST\CNRClientTest::testRequestNextResponsePageNoLast
Failed asserting that true matches expected false.

/home/ad.ks.de/kschwarz/git/php-sdk/tests/CNR/ClientTest.php:576
phpvfscomposer:///home/ad.ks.de/kschwarz/git/php-sdk/vendor/phpunit/phpunit/phpunit:97</failure>
        </testcase>
        <testcase name="testRequestNextResponsePageLast" class="CNICTEST\CNRClientTest" classname="CNICTEST.CNRClientTest" file="/home/ad.ks.de/kschwarz/git/php-sdk/tests/CNR/ClientTest.php" line="593" assertions="3" time="0.129573"/>
        <testcase name="testRequestNextResponsePageNoFirst" class="CNICTEST\CNRClientTest" classname="CNICTEST.CNRClientTest" file="/home/ad.ks.de/kschwarz/git/php-sdk/tests/CNR/ClientTest.php" line="607" assertions="2" time="0.131160">
          <failure type="PHPUnit\Framework\ExpectationFailedException">CNICTEST\CNRClientTest::testRequestNextResponsePageNoFirst
Failed asserting that true matches expected false.

/home/ad.ks.de/kschwarz/git/php-sdk/tests/CNR/ClientTest.php:615
phpvfscomposer:///home/ad.ks.de/kschwarz/git/php-sdk/vendor/phpunit/phpunit/phpunit:97</failure>
        </testcase>
        <testcase name="testRequestAllResponsePagesOK" class="CNICTEST\CNRClientTest" classname="CNICTEST.CNRClientTest" file="/home/ad.ks.de/kschwarz/git/php-sdk/tests/CNR/ClientTest.php" line="633" assertions="3" time="0.124574">
          <failure type="PHPUnit\Framework\ExpectationFailedException">CNICTEST\CNRClientTest::testRequestAllResponsePagesOK
Failed asserting that true matches expected false.

/home/ad.ks.de/kschwarz/git/php-sdk/tests/CNR/ClientTest.php:643
phpvfscomposer:///home/ad.ks.de/kschwarz/git/php-sdk/vendor/phpunit/phpunit/phpunit:97</failure>
        </testcase>
        <testcase name="testSetUserView" class="CNICTEST\CNRClientTest" classname="CNICTEST.CNRClientTest" file="/home/ad.ks.de/kschwarz/git/php-sdk/tests/CNR/ClientTest.php" line="647" assertions="0" time="0.001990">
          <skipped/>
        </testcase>
        <testcase name="testResetUserView" class="CNICTEST\CNRClientTest" classname="CNICTEST.CNRClientTest" file="/home/ad.ks.de/kschwarz/git/php-sdk/tests/CNR/ClientTest.php" line="660" assertions="2" time="0.123590">
          <failure type="PHPUnit\Framework\ExpectationFailedException">CNICTEST\CNRClientTest::testResetUserView
Failed asserting that true matches expected false.

/home/ad.ks.de/kschwarz/git/php-sdk/tests/CNR/ClientTest.php:667
phpvfscomposer:///home/ad.ks.de/kschwarz/git/php-sdk/vendor/phpunit/phpunit/phpunit:97</failure>
        </testcase>
        <testcase name="testSetProxy" class="CNICTEST\CNRClientTest" classname="CNICTEST.CNRClientTest" file="/home/ad.ks.de/kschwarz/git/php-sdk/tests/CNR/ClientTest.php" line="670" assertions="3" time="0.004404"/>
        <testcase name="testSetReferer" class="CNICTEST\CNRClientTest" classname="CNICTEST.CNRClientTest" file="/home/ad.ks.de/kschwarz/git/php-sdk/tests/CNR/ClientTest.php" line="679" assertions="3" time="0.002333"/>
        <testcase name="testUseHighPerformanceConnectionSetup" class="CNICTEST\CNRClientTest" classname="CNICTEST.CNRClientTest" file="/home/ad.ks.de/kschwarz/git/php-sdk/tests/CNR/ClientTest.php" line="688" assertions="1" time="0.001418"/>
      </testsuite>
      <testsuite name="CNICTEST\ClientFactoryTest" file="/home/ad.ks.de/kschwarz/git/php-sdk/tests/ClientFactoryTest.php" tests="4" assertions="4" errors="0" warnings="0" failures="0" skipped="0" time="0.006471">
        <testcase name="testHexonetClient1" class="CNICTEST\ClientFactoryTest" classname="CNICTEST.ClientFactoryTest" file="/home/ad.ks.de/kschwarz/git/php-sdk/tests/ClientFactoryTest.php" line="36" assertions="1" time="0.002013"/>
        <testcase name="testHexonetClient2" class="CNICTEST\ClientFactoryTest" classname="CNICTEST.ClientFactoryTest" file="/home/ad.ks.de/kschwarz/git/php-sdk/tests/ClientFactoryTest.php" line="48" assertions="1" time="0.001811"/>
        <testcase name="testCNRClient" class="CNICTEST\ClientFactoryTest" classname="CNICTEST.ClientFactoryTest" file="/home/ad.ks.de/kschwarz/git/php-sdk/tests/ClientFactoryTest.php" line="73" assertions="1" time="0.001381"/>
        <testcase name="testInvalidClient" class="CNICTEST\ClientFactoryTest" classname="CNICTEST.ClientFactoryTest" file="/home/ad.ks.de/kschwarz/git/php-sdk/tests/ClientFactoryTest.php" line="85" assertions="1" time="0.001267"/>
      </testsuite>
      <testsuite name="CNICTEST\HexonetClientTest" file="/home/ad.ks.de/kschwarz/git/php-sdk/tests/HEXONET/ClientTest.php" tests="47" assertions="77" errors="0" warnings="0" failures="15" skipped="1" time="2.460423">
        <testcase name="testGetPOSTDataSecured" class="CNICTEST\HexonetClientTest" classname="CNICTEST.HexonetClientTest" file="/home/ad.ks.de/kschwarz/git/php-sdk/tests/HEXONET/ClientTest.php" line="36" assertions="1" time="0.001269">
          <failure type="PHPUnit\Framework\ExpectationFailedException">CNICTEST\HexonetClientTest::testGetPOSTDataSecured
Failed asserting that two strings are equal.
--- Expected
+++ Actual
@@ @@
-'s_entity=54cd&amp;s_login=&amp;s_pw=&amp;s_command=COMMAND%3DCheckAuthentication%0ASUBUSER%3D%0APASSWORD%3D'
+'s_entity=54cd&amp;s_command=COMMAND%3DCheckAuthentication%0ASUBUSER%3D%0APASSWORD%3D%2A%2A%2A'

/home/ad.ks.de/kschwarz/git/php-sdk/tests/HEXONET/ClientTest.php:47
phpvfscomposer:///home/ad.ks.de/kschwarz/git/php-sdk/vendor/phpunit/phpunit/phpunit:97</failure>
        </testcase>
        <testcase name="testGetPOSTDataObj" class="CNICTEST\HexonetClientTest" classname="CNICTEST.HexonetClientTest" file="/home/ad.ks.de/kschwarz/git/php-sdk/tests/HEXONET/ClientTest.php" line="53" assertions="1" time="0.001041"/>
        <testcase name="testGetPOSTDataStr" class="CNICTEST\HexonetClientTest" classname="CNICTEST.HexonetClientTest" file="/home/ad.ks.de/kschwarz/git/php-sdk/tests/HEXONET/ClientTest.php" line="63" assertions="1" time="0.001135"/>
        <testcase name="testGetPOSTDataNull" class="CNICTEST\HexonetClientTest" classname="CNICTEST.HexonetClientTest" file="/home/ad.ks.de/kschwarz/git/php-sdk/tests/HEXONET/ClientTest.php" line="69" assertions="1" time="0.000923"/>
        <testcase name="testGetSession" class="CNICTEST\HexonetClientTest" classname="CNICTEST.HexonetClientTest" file="/home/ad.ks.de/kschwarz/git/php-sdk/tests/HEXONET/ClientTest.php" line="78" assertions="1" time="0.000846"/>
        <testcase name="testGetSessionIDSet" class="CNICTEST\HexonetClientTest" classname="CNICTEST.HexonetClientTest" file="/home/ad.ks.de/kschwarz/git/php-sdk/tests/HEXONET/ClientTest.php" line="84" assertions="1" time="0.001131"/>
        <testcase name="testGetURL" class="CNICTEST\HexonetClientTest" classname="CNICTEST.HexonetClientTest" file="/home/ad.ks.de/kschwarz/git/php-sdk/tests/HEXONET/ClientTest.php" line="92" assertions="1" time="0.001007"/>
        <testcase name="testGetUserAgent" class="CNICTEST\HexonetClientTest" classname="CNICTEST.HexonetClientTest" file="/home/ad.ks.de/kschwarz/git/php-sdk/tests/HEXONET/ClientTest.php" line="98" assertions="1" time="0.001000"/>
        <testcase name="testSetUserAgent" class="CNICTEST\HexonetClientTest" classname="CNICTEST.HexonetClientTest" file="/home/ad.ks.de/kschwarz/git/php-sdk/tests/HEXONET/ClientTest.php" line="104" assertions="2" time="0.000826"/>
        <testcase name="testSetUserAgentModules" class="CNICTEST\HexonetClientTest" classname="CNICTEST.HexonetClientTest" file="/home/ad.ks.de/kschwarz/git/php-sdk/tests/HEXONET/ClientTest.php" line="114" assertions="2" time="0.000924"/>
        <testcase name="testSetURL" class="CNICTEST\HexonetClientTest" classname="CNICTEST.HexonetClientTest" file="/home/ad.ks.de/kschwarz/git/php-sdk/tests/HEXONET/ClientTest.php" line="125" assertions="1" time="0.001034"/>
        <testcase name="testSetOTPSetThrows" class="CNICTEST\HexonetClientTest" classname="CNICTEST.HexonetClientTest" file="/home/ad.ks.de/kschwarz/git/php-sdk/tests/HEXONET/ClientTest.php" line="137" assertions="2" time="0.000989"/>
        <testcase name="testSetOTPSet" class="CNICTEST\HexonetClientTest" classname="CNICTEST.HexonetClientTest" file="/home/ad.ks.de/kschwarz/git/php-sdk/tests/HEXONET/ClientTest.php" line="145" assertions="1" time="0.000912"/>
        <testcase name="testSetOTPReset" class="CNICTEST\HexonetClientTest" classname="CNICTEST.HexonetClientTest" file="/home/ad.ks.de/kschwarz/git/php-sdk/tests/HEXONET/ClientTest.php" line="156" assertions="1" time="0.000872"/>
        <testcase name="testSetSessionSet" class="CNICTEST\HexonetClientTest" classname="CNICTEST.HexonetClientTest" file="/home/ad.ks.de/kschwarz/git/php-sdk/tests/HEXONET/ClientTest.php" line="165" assertions="1" time="0.000807"/>
        <testcase name="testSetSessionCredentials" class="CNICTEST\HexonetClientTest" classname="CNICTEST.HexonetClientTest" file="/home/ad.ks.de/kschwarz/git/php-sdk/tests/HEXONET/ClientTest.php" line="174" assertions="1" time="0.000934"/>
        <testcase name="testSetSessionReset" class="CNICTEST\HexonetClientTest" classname="CNICTEST.HexonetClientTest" file="/home/ad.ks.de/kschwarz/git/php-sdk/tests/HEXONET/ClientTest.php" line="186" assertions="1" time="0.001324"/>
        <testcase name="testSaveReuseSession" class="CNICTEST\HexonetClientTest" classname="CNICTEST.HexonetClientTest" file="/home/ad.ks.de/kschwarz/git/php-sdk/tests/HEXONET/ClientTest.php" line="195" assertions="1" time="0.001343"/>
        <testcase name="testSetRemoteIPAddressSetThrows" class="CNICTEST\HexonetClientTest" classname="CNICTEST.HexonetClientTest" file="/home/ad.ks.de/kschwarz/git/php-sdk/tests/HEXONET/ClientTest.php" line="210" assertions="2" time="0.000706"/>
        <testcase name="testSetRemoteIPAddressSet" class="CNICTEST\HexonetClientTest" classname="CNICTEST.HexonetClientTest" file="/home/ad.ks.de/kschwarz/git/php-sdk/tests/HEXONET/ClientTest.php" line="218" assertions="1" time="0.001126"/>
        <testcase name="testSetRemoteIPAddressReset" class="CNICTEST\HexonetClientTest" classname="CNICTEST.HexonetClientTest" file="/home/ad.ks.de/kschwarz/git/php-sdk/tests/HEXONET/ClientTest.php" line="229" assertions="1" time="0.000756"/>
        <testcase name="testSetCredentialsSet" class="CNICTEST\HexonetClientTest" classname="CNICTEST.HexonetClientTest" file="/home/ad.ks.de/kschwarz/git/php-sdk/tests/HEXONET/ClientTest.php" line="238" assertions="1" time="0.000645"/>
        <testcase name="testSetCredentialsReset" class="CNICTEST\HexonetClientTest" classname="CNICTEST.HexonetClientTest" file="/home/ad.ks.de/kschwarz/git/php-sdk/tests/HEXONET/ClientTest.php" line="247" assertions="1" time="0.000753"/>
        <testcase name="testSetRoleCredentialsSet" class="CNICTEST\HexonetClientTest" classname="CNICTEST.HexonetClientTest" file="/home/ad.ks.de/kschwarz/git/php-sdk/tests/HEXONET/ClientTest.php" line="256" assertions="1" time="0.001506"/>
        <testcase name="testSetRoleCredentialsReset" class="CNICTEST\HexonetClientTest" classname="CNICTEST.HexonetClientTest" file="/home/ad.ks.de/kschwarz/git/php-sdk/tests/HEXONET/ClientTest.php" line="265" assertions="1" time="0.001092"/>
        <testcase name="testLoginCredsOK" class="CNICTEST\HexonetClientTest" classname="CNICTEST.HexonetClientTest" file="/home/ad.ks.de/kschwarz/git/php-sdk/tests/HEXONET/ClientTest.php" line="274" assertions="2" time="0.133440">
          <failure type="PHPUnit\Framework\ExpectationFailedException">CNICTEST\HexonetClientTest::testLoginCredsOK
Failed asserting that true matches expected false.

/home/ad.ks.de/kschwarz/git/php-sdk/tests/HEXONET/ClientTest.php:280
phpvfscomposer:///home/ad.ks.de/kschwarz/git/php-sdk/vendor/phpunit/phpunit/phpunit:97</failure>
        </testcase>
        <testcase name="testLoginCredsFAIL" class="CNICTEST\HexonetClientTest" classname="CNICTEST.HexonetClientTest" file="/home/ad.ks.de/kschwarz/git/php-sdk/tests/HEXONET/ClientTest.php" line="299" assertions="2" time="0.129195"/>
        <testcase name="testLoginExtendedCredsOK" class="CNICTEST\HexonetClientTest" classname="CNICTEST.HexonetClientTest" file="/home/ad.ks.de/kschwarz/git/php-sdk/tests/HEXONET/ClientTest.php" line="310" assertions="2" time="0.121403">
          <failure type="PHPUnit\Framework\ExpectationFailedException">CNICTEST\HexonetClientTest::testLoginExtendedCredsOK
Failed asserting that true matches expected false.

/home/ad.ks.de/kschwarz/git/php-sdk/tests/HEXONET/ClientTest.php:318
phpvfscomposer:///home/ad.ks.de/kschwarz/git/php-sdk/vendor/phpunit/phpunit/phpunit:97</failure>
        </testcase>
        <testcase name="testLogoutOK" class="CNICTEST\HexonetClientTest" classname="CNICTEST.HexonetClientTest" file="/home/ad.ks.de/kschwarz/git/php-sdk/tests/HEXONET/ClientTest.php" line="326" assertions="2" time="0.122033">
          <failure type="PHPUnit\Framework\ExpectationFailedException">CNICTEST\HexonetClientTest::testLogoutOK
Failed asserting that true matches expected false.

/home/ad.ks.de/kschwarz/git/php-sdk/tests/HEXONET/ClientTest.php:330
phpvfscomposer:///home/ad.ks.de/kschwarz/git/php-sdk/vendor/phpunit/phpunit/phpunit:97</failure>
        </testcase>
        <testcase name="testLogoutFAIL" class="CNICTEST\HexonetClientTest" classname="CNICTEST.HexonetClientTest" file="/home/ad.ks.de/kschwarz/git/php-sdk/tests/HEXONET/ClientTest.php" line="333" assertions="2" time="0.113980"/>
        <testcase name="testRequestCurlInitFail" class="CNICTEST\HexonetClientTest" classname="CNICTEST.HexonetClientTest" file="/home/ad.ks.de/kschwarz/git/php-sdk/tests/HEXONET/ClientTest.php" line="340" assertions="0" time="0.000844">
          <skipped/>
        </testcase>
        <testcase name="testRequestCurlExecFail2" class="CNICTEST\HexonetClientTest" classname="CNICTEST.HexonetClientTest" file="/home/ad.ks.de/kschwarz/git/php-sdk/tests/HEXONET/ClientTest.php" line="357" assertions="4" time="0.055564"/>
        <testcase name="testRequestFlattenCommand" class="CNICTEST\HexonetClientTest" classname="CNICTEST.HexonetClientTest" file="/home/ad.ks.de/kschwarz/git/php-sdk/tests/HEXONET/ClientTest.php" line="371" assertions="2" time="0.243033">
          <failure type="PHPUnit\Framework\ExpectationFailedException">CNICTEST\HexonetClientTest::testRequestFlattenCommand
Failed asserting that true matches expected false.

/home/ad.ks.de/kschwarz/git/php-sdk/tests/HEXONET/ClientTest.php:382
phpvfscomposer:///home/ad.ks.de/kschwarz/git/php-sdk/vendor/phpunit/phpunit/phpunit:97</failure>
        </testcase>
        <testcase name="testRequestAUTOIdnConvert" class="CNICTEST\HexonetClientTest" classname="CNICTEST.HexonetClientTest" file="/home/ad.ks.de/kschwarz/git/php-sdk/tests/HEXONET/ClientTest.php" line="394" assertions="2" time="0.235241">
          <failure type="PHPUnit\Framework\ExpectationFailedException">CNICTEST\HexonetClientTest::testRequestAUTOIdnConvert
Failed asserting that true matches expected false.

/home/ad.ks.de/kschwarz/git/php-sdk/tests/HEXONET/ClientTest.php:403
phpvfscomposer:///home/ad.ks.de/kschwarz/git/php-sdk/vendor/phpunit/phpunit/phpunit:97</failure>
        </testcase>
        <testcase name="testRequestAUTOIdnConvert2" class="CNICTEST\HexonetClientTest" classname="CNICTEST.HexonetClientTest" file="/home/ad.ks.de/kschwarz/git/php-sdk/tests/HEXONET/ClientTest.php" line="417" assertions="2" time="0.243523">
          <failure type="PHPUnit\Framework\ExpectationFailedException">CNICTEST\HexonetClientTest::testRequestAUTOIdnConvert2
Failed asserting that true matches expected false.

/home/ad.ks.de/kschwarz/git/php-sdk/tests/HEXONET/ClientTest.php:432
phpvfscomposer:///home/ad.ks.de/kschwarz/git/php-sdk/vendor/phpunit/phpunit/phpunit:97</failure>
        </testcase>
        <testcase name="testRequestAUTOIdnConvert3" class="CNICTEST\HexonetClientTest" classname="CNICTEST.HexonetClientTest" file="/home/ad.ks.de/kschwarz/git/php-sdk/tests/HEXONET/ClientTest.php" line="440" assertions="3" time="0.119631">
          <failure type="PHPUnit\Framework\ExpectationFailedException">CNICTEST\HexonetClientTest::testRequestAUTOIdnConvert3
Failed asserting that 541 matches expected 423.

/home/ad.ks.de/kschwarz/git/php-sdk/tests/HEXONET/ClientTest.php:457
phpvfscomposer:///home/ad.ks.de/kschwarz/git/php-sdk/vendor/phpunit/phpunit/phpunit:97</failure>
        </testcase>
        <testcase name="testRequestCodeTmpErrorDbg" class="CNICTEST\HexonetClientTest" classname="CNICTEST.HexonetClientTest" file="/home/ad.ks.de/kschwarz/git/php-sdk/tests/HEXONET/ClientTest.php" line="463" assertions="2" time="0.113155">
          <failure type="PHPUnit\Framework\ExpectationFailedException">CNICTEST\HexonetClientTest::testRequestCodeTmpErrorDbg
Failed asserting that true matches expected false.

/home/ad.ks.de/kschwarz/git/php-sdk/tests/HEXONET/ClientTest.php:470
phpvfscomposer:///home/ad.ks.de/kschwarz/git/php-sdk/vendor/phpunit/phpunit/phpunit:97</failure>
          <system-out>Array
(
    [COMMAND] =&gt; GetUserIndex
)

s_entity=1234&amp;s_command=COMMAND%3DGetUserIndex

[RESPONSE]
code=423
description=Service is not active!
EOF
</system-out>
        </testcase>
        <testcase name="testRequestCodeTmpErrorNoDbg" class="CNICTEST\HexonetClientTest" classname="CNICTEST.HexonetClientTest" file="/home/ad.ks.de/kschwarz/git/php-sdk/tests/HEXONET/ClientTest.php" line="476" assertions="2" time="0.116511">
          <failure type="PHPUnit\Framework\ExpectationFailedException">CNICTEST\HexonetClientTest::testRequestCodeTmpErrorNoDbg
Failed asserting that true matches expected false.

/home/ad.ks.de/kschwarz/git/php-sdk/tests/HEXONET/ClientTest.php:481
phpvfscomposer:///home/ad.ks.de/kschwarz/git/php-sdk/vendor/phpunit/phpunit/phpunit:97</failure>
        </testcase>
        <testcase name="testRequestNextResponsePageNoLast" class="CNICTEST\HexonetClientTest" classname="CNICTEST.HexonetClientTest" file="/home/ad.ks.de/kschwarz/git/php-sdk/tests/HEXONET/ClientTest.php" line="487" assertions="2" time="0.107104">
          <failure type="PHPUnit\Framework\ExpectationFailedException">CNICTEST\HexonetClientTest::testRequestNextResponsePageNoLast
Failed asserting that true matches expected false.

/home/ad.ks.de/kschwarz/git/php-sdk/tests/HEXONET/ClientTest.php:495
phpvfscomposer:///home/ad.ks.de/kschwarz/git/php-sdk/vendor/phpunit/phpunit/phpunit:97</failure>
        </testcase>
        <testcase name="testRequestNextResponsePageLast" class="CNICTEST\HexonetClientTest" classname="CNICTEST.HexonetClientTest" file="/home/ad.ks.de/kschwarz/git/php-sdk/tests/HEXONET/ClientTest.php" line="512" assertions="3" time="0.116037"/>
        <testcase name="testRequestNextResponsePageNoFirst" class="CNICTEST\HexonetClientTest" classname="CNICTEST.HexonetClientTest" file="/home/ad.ks.de/kschwarz/git/php-sdk/tests/HEXONET/ClientTest.php" line="526" assertions="2" time="0.120169">
          <failure type="PHPUnit\Framework\ExpectationFailedException">CNICTEST\HexonetClientTest::testRequestNextResponsePageNoFirst
Failed asserting that true matches expected false.

/home/ad.ks.de/kschwarz/git/php-sdk/tests/HEXONET/ClientTest.php:534
phpvfscomposer:///home/ad.ks.de/kschwarz/git/php-sdk/vendor/phpunit/phpunit/phpunit:97</failure>
        </testcase>
        <testcase name="testRequestAllResponsePagesOK" class="CNICTEST\HexonetClientTest" classname="CNICTEST.HexonetClientTest" file="/home/ad.ks.de/kschwarz/git/php-sdk/tests/HEXONET/ClientTest.php" line="551" assertions="3" time="0.120710">
          <failure type="PHPUnit\Framework\ExpectationFailedException">CNICTEST\HexonetClientTest::testRequestAllResponsePagesOK
Failed asserting that true matches expected false.

/home/ad.ks.de/kschwarz/git/php-sdk/tests/HEXONET/ClientTest.php:561
phpvfscomposer:///home/ad.ks.de/kschwarz/git/php-sdk/vendor/phpunit/phpunit/phpunit:97</failure>
        </testcase>
        <testcase name="testSetUserView" class="CNICTEST\HexonetClientTest" classname="CNICTEST.HexonetClientTest" file="/home/ad.ks.de/kschwarz/git/php-sdk/tests/HEXONET/ClientTest.php" line="565" assertions="2" time="0.104181">
          <failure type="PHPUnit\Framework\ExpectationFailedException">CNICTEST\HexonetClientTest::testSetUserView
Failed asserting that true matches expected false.

/home/ad.ks.de/kschwarz/git/php-sdk/tests/HEXONET/ClientTest.php:572
phpvfscomposer:///home/ad.ks.de/kschwarz/git/php-sdk/vendor/phpunit/phpunit/phpunit:97</failure>
        </testcase>
        <testcase name="testResetUserView" class="CNICTEST\HexonetClientTest" classname="CNICTEST.HexonetClientTest" file="/home/ad.ks.de/kschwarz/git/php-sdk/tests/HEXONET/ClientTest.php" line="575" assertions="2" time="0.112816">
          <failure type="PHPUnit\Framework\ExpectationFailedException">CNICTEST\HexonetClientTest::testResetUserView
Failed asserting that true matches expected false.

/home/ad.ks.de/kschwarz/git/php-sdk/tests/HEXONET/ClientTest.php:582
phpvfscomposer:///home/ad.ks.de/kschwarz/git/php-sdk/vendor/phpunit/phpunit/phpunit:97</failure>
        </testcase>
        <testcase name="testSetProxy" class="CNICTEST\HexonetClientTest" classname="CNICTEST.HexonetClientTest" file="/home/ad.ks.de/kschwarz/git/php-sdk/tests/HEXONET/ClientTest.php" line="585" assertions="3" time="0.002598"/>
        <testcase name="testSetReferer" class="CNICTEST\HexonetClientTest" classname="CNICTEST.HexonetClientTest" file="/home/ad.ks.de/kschwarz/git/php-sdk/tests/HEXONET/ClientTest.php" line="594" assertions="3" time="0.002516"/>
        <testcase name="testUseHighPerformanceConnectionSetup" class="CNICTEST\HexonetClientTest" classname="CNICTEST.HexonetClientTest" file="/home/ad.ks.de/kschwarz/git/php-sdk/tests/HEXONET/ClientTest.php" line="603" assertions="1" time="0.001837"/>
      </testsuite>
      <testsuite name="CNICTEST\ColumnTest" file="/home/ad.ks.de/kschwarz/git/php-sdk/tests/HEXONET/ColumnTest.php" tests="1" assertions="1" errors="0" warnings="0" failures="0" skipped="0" time="0.002148">
        <testcase name="testGetKey" class="CNICTEST\ColumnTest" classname="CNICTEST.ColumnTest" file="/home/ad.ks.de/kschwarz/git/php-sdk/tests/HEXONET/ColumnTest.php" line="9" assertions="1" time="0.002148"/>
      </testsuite>
      <testsuite name="CNICTEST\RecordTest" file="/home/ad.ks.de/kschwarz/git/php-sdk/tests/HEXONET/RecordTest.php" tests="2" assertions="2" errors="0" warnings="0" failures="0" skipped="0" time="0.001840">
        <testcase name="testGetData" class="CNICTEST\RecordTest" classname="CNICTEST.RecordTest" file="/home/ad.ks.de/kschwarz/git/php-sdk/tests/HEXONET/RecordTest.php" line="9" assertions="1" time="0.001187"/>
        <testcase name="testGetDataByKey" class="CNICTEST\RecordTest" classname="CNICTEST.RecordTest" file="/home/ad.ks.de/kschwarz/git/php-sdk/tests/HEXONET/RecordTest.php" line="21" assertions="1" time="0.000653"/>
      </testsuite>
      <testsuite name="CNICTEST\ResponseParserTest" file="/home/ad.ks.de/kschwarz/git/php-sdk/tests/HEXONET/ResponseParserTest.php" tests="4" assertions="4" errors="0" warnings="0" failures="0" skipped="0" time="0.003809">
        <testcase name="testSerializeProperty" class="CNICTEST\ResponseParserTest" classname="CNICTEST.ResponseParserTest" file="/home/ad.ks.de/kschwarz/git/php-sdk/tests/HEXONET/ResponseParserTest.php" line="17" assertions="1" time="0.000824"/>
        <testcase name="testSerializeNoProperty" class="CNICTEST\ResponseParserTest" classname="CNICTEST.ResponseParserTest" file="/home/ad.ks.de/kschwarz/git/php-sdk/tests/HEXONET/ResponseParserTest.php" line="28" assertions="1" time="0.000825"/>
        <testcase name="testSerializeNoCodeNoDescription" class="CNICTEST\ResponseParserTest" classname="CNICTEST.ResponseParserTest" file="/home/ad.ks.de/kschwarz/git/php-sdk/tests/HEXONET/ResponseParserTest.php" line="34" assertions="1" time="0.001040"/>
        <testcase name="testSerializeQTandRT" class="CNICTEST\ResponseParserTest" classname="CNICTEST.ResponseParserTest" file="/home/ad.ks.de/kschwarz/git/php-sdk/tests/HEXONET/ResponseParserTest.php" line="42" assertions="1" time="0.001119"/>
      </testsuite>
      <testsuite name="CNICTEST\ResponseTemplateManagerTest" file="/home/ad.ks.de/kschwarz/git/php-sdk/tests/HEXONET/ResponseTemplateManagerTest.php" tests="5" assertions="21" errors="0" warnings="0" failures="0" skipped="0" time="0.005494">
        <testcase name="testGetTemplateNotFound" class="CNICTEST\ResponseTemplateManagerTest" classname="CNICTEST.ResponseTemplateManagerTest" file="/home/ad.ks.de/kschwarz/git/php-sdk/tests/HEXONET/ResponseTemplateManagerTest.php" line="12" assertions="2" time="0.000906"/>
        <testcase name="testGetTemplates" class="CNICTEST\ResponseTemplateManagerTest" classname="CNICTEST.ResponseTemplateManagerTest" file="/home/ad.ks.de/kschwarz/git/php-sdk/tests/HEXONET/ResponseTemplateManagerTest.php" line="19" assertions="11" time="0.001935"/>
        <testcase name="testIsTemplateMatchHash" class="CNICTEST\ResponseTemplateManagerTest" classname="CNICTEST.ResponseTemplateManagerTest" file="/home/ad.ks.de/kschwarz/git/php-sdk/tests/HEXONET/ResponseTemplateManagerTest.php" line="28" assertions="1" time="0.000869"/>
        <testcase name="testIsTemplateMatchPlain" class="CNICTEST\ResponseTemplateManagerTest" classname="CNICTEST.ResponseTemplateManagerTest" file="/home/ad.ks.de/kschwarz/git/php-sdk/tests/HEXONET/ResponseTemplateManagerTest.php" line="34" assertions="1" time="0.000895"/>
        <testcase name="testAddTemplate" class="CNICTEST\ResponseTemplateManagerTest" classname="CNICTEST.ResponseTemplateManagerTest" file="/home/ad.ks.de/kschwarz/git/php-sdk/tests/HEXONET/ResponseTemplateManagerTest.php" line="40" assertions="6" time="0.000889"/>
      </testsuite>
      <testsuite name="CNICTEST\ResponseTest" file="/home/ad.ks.de/kschwarz/git/php-sdk/tests/HEXONET/ResponseTest.php" tests="39" assertions="67" errors="0" warnings="0" failures="1" skipped="0" time="0.052021">
        <testcase name="testCommandPlain" class="CNICTEST\ResponseTest" classname="CNICTEST.ResponseTest" file="/home/ad.ks.de/kschwarz/git/php-sdk/tests/HEXONET/ResponseTest.php" line="30" assertions="1" time="0.001397"/>
        <testcase name="testCommandPlainSecure" class="CNICTEST\ResponseTest" classname="CNICTEST.ResponseTest" file="/home/ad.ks.de/kschwarz/git/php-sdk/tests/HEXONET/ResponseTest.php" line="38" assertions="1" time="0.000933"/>
        <testcase name="testGetCurrentPageNumberEntries" class="CNICTEST\ResponseTest" classname="CNICTEST.ResponseTest" file="/home/ad.ks.de/kschwarz/git/php-sdk/tests/HEXONET/ResponseTest.php" line="46" assertions="1" time="0.001879"/>
        <testcase name="testGetCurrentPageNumberNoEntries" class="CNICTEST\ResponseTest" classname="CNICTEST.ResponseTest" file="/home/ad.ks.de/kschwarz/git/php-sdk/tests/HEXONET/ResponseTest.php" line="52" assertions="1" time="0.000972"/>
        <testcase name="testGetFirstRecordIndexNoFirstNoRows" class="CNICTEST\ResponseTest" classname="CNICTEST.ResponseTest" file="/home/ad.ks.de/kschwarz/git/php-sdk/tests/HEXONET/ResponseTest.php" line="58" assertions="1" time="0.000768"/>
        <testcase name="testGetFirstRecordIndexNoFirstRows" class="CNICTEST\ResponseTest" classname="CNICTEST.ResponseTest" file="/home/ad.ks.de/kschwarz/git/php-sdk/tests/HEXONET/ResponseTest.php" line="64" assertions="1" time="0.000978"/>
        <testcase name="testGetColumns" class="CNICTEST\ResponseTest" classname="CNICTEST.ResponseTest" file="/home/ad.ks.de/kschwarz/git/php-sdk/tests/HEXONET/ResponseTest.php" line="74" assertions="1" time="0.001906"/>
        <testcase name="testGetColumnIndexExists" class="CNICTEST\ResponseTest" classname="CNICTEST.ResponseTest" file="/home/ad.ks.de/kschwarz/git/php-sdk/tests/HEXONET/ResponseTest.php" line="81" assertions="1" time="0.001963"/>
        <testcase name="testGetColumnIndexNotExists" class="CNICTEST\ResponseTest" classname="CNICTEST.ResponseTest" file="/home/ad.ks.de/kschwarz/git/php-sdk/tests/HEXONET/ResponseTest.php" line="88" assertions="1" time="0.001483"/>
        <testcase name="testGetColumnKeys" class="CNICTEST\ResponseTest" classname="CNICTEST.ResponseTest" file="/home/ad.ks.de/kschwarz/git/php-sdk/tests/HEXONET/ResponseTest.php" line="95" assertions="7" time="0.001815"/>
        <testcase name="testGetCurrentRecordRows" class="CNICTEST\ResponseTest" classname="CNICTEST.ResponseTest" file="/home/ad.ks.de/kschwarz/git/php-sdk/tests/HEXONET/ResponseTest.php" line="108" assertions="2" time="0.002007"/>
        <testcase name="testGetCurrentRecordNoRows" class="CNICTEST\ResponseTest" classname="CNICTEST.ResponseTest" file="/home/ad.ks.de/kschwarz/git/php-sdk/tests/HEXONET/ResponseTest.php" line="125" assertions="1" time="0.001268"/>
        <testcase name="testGetListHash" class="CNICTEST\ResponseTest" classname="CNICTEST.ResponseTest" file="/home/ad.ks.de/kschwarz/git/php-sdk/tests/HEXONET/ResponseTest.php" line="131" assertions="3" time="0.002310"/>
        <testcase name="testGetNextRecord" class="CNICTEST\ResponseTest" classname="CNICTEST.ResponseTest" file="/home/ad.ks.de/kschwarz/git/php-sdk/tests/HEXONET/ResponseTest.php" line="140" assertions="3" time="0.001391"/>
        <testcase name="testGetPagination" class="CNICTEST\ResponseTest" classname="CNICTEST.ResponseTest" file="/home/ad.ks.de/kschwarz/git/php-sdk/tests/HEXONET/ResponseTest.php" line="151" assertions="9" time="0.001624"/>
        <testcase name="testGetPreviousRecord" class="CNICTEST\ResponseTest" classname="CNICTEST.ResponseTest" file="/home/ad.ks.de/kschwarz/git/php-sdk/tests/HEXONET/ResponseTest.php" line="166" assertions="3" time="0.001525"/>
        <testcase name="testHasNextPageNoRows" class="CNICTEST\ResponseTest" classname="CNICTEST.ResponseTest" file="/home/ad.ks.de/kschwarz/git/php-sdk/tests/HEXONET/ResponseTest.php" line="185" assertions="1" time="0.000810"/>
        <testcase name="testHasNextPageRows" class="CNICTEST\ResponseTest" classname="CNICTEST.ResponseTest" file="/home/ad.ks.de/kschwarz/git/php-sdk/tests/HEXONET/ResponseTest.php" line="191" assertions="1" time="0.001774"/>
        <testcase name="testHasPreviousPageNoRows1" class="CNICTEST\ResponseTest" classname="CNICTEST.ResponseTest" file="/home/ad.ks.de/kschwarz/git/php-sdk/tests/HEXONET/ResponseTest.php" line="197" assertions="1" time="0.001613"/>
        <testcase name="testHasPreviousPageNoRows2" class="CNICTEST\ResponseTest" classname="CNICTEST.ResponseTest" file="/home/ad.ks.de/kschwarz/git/php-sdk/tests/HEXONET/ResponseTest.php" line="203" assertions="1" time="0.001358"/>
        <testcase name="testGetLastRecordIndexNoRows" class="CNICTEST\ResponseTest" classname="CNICTEST.ResponseTest" file="/home/ad.ks.de/kschwarz/git/php-sdk/tests/HEXONET/ResponseTest.php" line="209" assertions="1" time="0.001074"/>
        <testcase name="testGetLastRecordIndexNoLastRows" class="CNICTEST\ResponseTest" classname="CNICTEST.ResponseTest" file="/home/ad.ks.de/kschwarz/git/php-sdk/tests/HEXONET/ResponseTest.php" line="215" assertions="1" time="0.001073"/>
        <testcase name="testGetNextPageNumberNoRows" class="CNICTEST\ResponseTest" classname="CNICTEST.ResponseTest" file="/home/ad.ks.de/kschwarz/git/php-sdk/tests/HEXONET/ResponseTest.php" line="225" assertions="1" time="0.000852"/>
        <testcase name="testGetNextPageNumberRows" class="CNICTEST\ResponseTest" classname="CNICTEST.ResponseTest" file="/home/ad.ks.de/kschwarz/git/php-sdk/tests/HEXONET/ResponseTest.php" line="231" assertions="1" time="0.001473"/>
        <testcase name="testGetNumberOfPages" class="CNICTEST\ResponseTest" classname="CNICTEST.ResponseTest" file="/home/ad.ks.de/kschwarz/git/php-sdk/tests/HEXONET/ResponseTest.php" line="237" assertions="1" time="0.001739"/>
        <testcase name="testGetPreviousPageNumberNoRows" class="CNICTEST\ResponseTest" classname="CNICTEST.ResponseTest" file="/home/ad.ks.de/kschwarz/git/php-sdk/tests/HEXONET/ResponseTest.php" line="243" assertions="1" time="0.001027"/>
        <testcase name="testGetPreviousPageNumberRows" class="CNICTEST\ResponseTest" classname="CNICTEST.ResponseTest" file="/home/ad.ks.de/kschwarz/git/php-sdk/tests/HEXONET/ResponseTest.php" line="249" assertions="1" time="0.001349"/>
        <testcase name="testRewindRecordList" class="CNICTEST\ResponseTest" classname="CNICTEST.ResponseTest" file="/home/ad.ks.de/kschwarz/git/php-sdk/tests/HEXONET/ResponseTest.php" line="255" assertions="4" time="0.001454"/>
        <testcase name="testConstructorEmptyRaw" class="CNICTEST\ResponseTest" classname="CNICTEST.ResponseTest" file="/home/ad.ks.de/kschwarz/git/php-sdk/tests/HEXONET/ResponseTest.php" line="264" assertions="2" time="0.000840"/>
        <testcase name="testInvalidAPIResponse" class="CNICTEST\ResponseTest" classname="CNICTEST.ResponseTest" file="/home/ad.ks.de/kschwarz/git/php-sdk/tests/HEXONET/ResponseTest.php" line="271" assertions="2" time="0.000958"/>
        <testcase name="testInvalidAPIResponse2" class="CNICTEST\ResponseTest" classname="CNICTEST.ResponseTest" file="/home/ad.ks.de/kschwarz/git/php-sdk/tests/HEXONET/ResponseTest.php" line="278" assertions="2" time="0.001458">
          <failure type="PHPUnit\Framework\ExpectationFailedException">CNICTEST\ResponseTest::testInvalidAPIResponse2
Failed asserting that two strings are equal.
--- Expected
+++ Actual
@@ @@
-'Invalid API response. Contact Support'
+''

/home/ad.ks.de/kschwarz/git/php-sdk/tests/HEXONET/ResponseTest.php:282
phpvfscomposer:///home/ad.ks.de/kschwarz/git/php-sdk/vendor/phpunit/phpunit/phpunit:97</failure>
        </testcase>
        <testcase name="testGetHash" class="CNICTEST\ResponseTest" classname="CNICTEST.ResponseTest" file="/home/ad.ks.de/kschwarz/git/php-sdk/tests/HEXONET/ResponseTest.php" line="285" assertions="2" time="0.001029"/>
        <testcase name="testGetQueuetimeNo" class="CNICTEST\ResponseTest" classname="CNICTEST.ResponseTest" file="/home/ad.ks.de/kschwarz/git/php-sdk/tests/HEXONET/ResponseTest.php" line="292" assertions="1" time="0.001136"/>
        <testcase name="testGetQueuetime" class="CNICTEST\ResponseTest" classname="CNICTEST.ResponseTest" file="/home/ad.ks.de/kschwarz/git/php-sdk/tests/HEXONET/ResponseTest.php" line="298" assertions="1" time="0.000892"/>
        <testcase name="testGetRuntimeNo" class="CNICTEST\ResponseTest" classname="CNICTEST.ResponseTest" file="/home/ad.ks.de/kschwarz/git/php-sdk/tests/HEXONET/ResponseTest.php" line="304" assertions="1" time="0.001068"/>
        <testcase name="testGetRuntime" class="CNICTEST\ResponseTest" classname="CNICTEST.ResponseTest" file="/home/ad.ks.de/kschwarz/git/php-sdk/tests/HEXONET/ResponseTest.php" line="310" assertions="1" time="0.000884"/>
        <testcase name="testIsPendingNo" class="CNICTEST\ResponseTest" classname="CNICTEST.ResponseTest" file="/home/ad.ks.de/kschwarz/git/php-sdk/tests/HEXONET/ResponseTest.php" line="316" assertions="1" time="0.001825"/>
        <testcase name="testIsPending" class="CNICTEST\ResponseTest" classname="CNICTEST.ResponseTest" file="/home/ad.ks.de/kschwarz/git/php-sdk/tests/HEXONET/ResponseTest.php" line="322" assertions="1" time="0.001185"/>
        <testcase name="testIsTmpError" class="CNICTEST\ResponseTest" classname="CNICTEST.ResponseTest" file="/home/ad.ks.de/kschwarz/git/php-sdk/tests/HEXONET/ResponseTest.php" line="328" assertions="1" time="0.000931"/>
      </testsuite>
      <testsuite name="CNICTEST\ResponseTranslatorTest" file="/home/ad.ks.de/kschwarz/git/php-sdk/tests/HEXONET/ResponseTranslatorTest.php" tests="9" assertions="31" errors="0" warnings="0" failures="0" skipped="0" time="0.010921">
        <testcase name="testPlaceHolderReplacements" class="CNICTEST\ResponseTranslatorTest" classname="CNICTEST.ResponseTranslatorTest" file="/home/ad.ks.de/kschwarz/git/php-sdk/tests/HEXONET/ResponseTranslatorTest.php" line="16" assertions="2" time="0.001354"/>
        <testcase name="testIsTemplateMatchHash" class="CNICTEST\ResponseTranslatorTest" classname="CNICTEST.ResponseTranslatorTest" file="/home/ad.ks.de/kschwarz/git/php-sdk/tests/HEXONET/ResponseTranslatorTest.php" line="32" assertions="1" time="0.001197"/>
        <testcase name="testIsTemplateMatchPlain" class="CNICTEST\ResponseTranslatorTest" classname="CNICTEST.ResponseTranslatorTest" file="/home/ad.ks.de/kschwarz/git/php-sdk/tests/HEXONET/ResponseTranslatorTest.php" line="42" assertions="1" time="0.000907"/>
        <testcase name="testConstructorVars" class="CNICTEST\ResponseTranslatorTest" classname="CNICTEST.ResponseTranslatorTest" file="/home/ad.ks.de/kschwarz/git/php-sdk/tests/HEXONET/ResponseTranslatorTest.php" line="52" assertions="2" time="0.001944"/>
        <testcase name="testInvalidResponse" class="CNICTEST\ResponseTranslatorTest" classname="CNICTEST.ResponseTranslatorTest" file="/home/ad.ks.de/kschwarz/git/php-sdk/tests/HEXONET/ResponseTranslatorTest.php" line="63" assertions="2" time="0.001174"/>
        <testcase name="testGetHash" class="CNICTEST\ResponseTranslatorTest" classname="CNICTEST.ResponseTranslatorTest" file="/home/ad.ks.de/kschwarz/git/php-sdk/tests/HEXONET/ResponseTranslatorTest.php" line="76" assertions="2" time="0.001037"/>
        <testcase name="testACLTranslation" class="CNICTEST\ResponseTranslatorTest" classname="CNICTEST.ResponseTranslatorTest" file="/home/ad.ks.de/kschwarz/git/php-sdk/tests/HEXONET/ResponseTranslatorTest.php" line="88" assertions="2" time="0.001010"/>
        <testcase name="testCheckDomainTransferTranslation" class="CNICTEST\ResponseTranslatorTest" classname="CNICTEST.ResponseTranslatorTest" file="/home/ad.ks.de/kschwarz/git/php-sdk/tests/HEXONET/ResponseTranslatorTest.php" line="99" assertions="16" time="0.001471"/>
        <testcase name="testTranslate" class="CNICTEST\ResponseTranslatorTest" classname="CNICTEST.ResponseTranslatorTest" file="/home/ad.ks.de/kschwarz/git/php-sdk/tests/HEXONET/ResponseTranslatorTest.php" line="151" assertions="3" time="0.000826"/>
      </testsuite>
      <testsuite name="CNICTEST\SocketConfigTest" file="/home/ad.ks.de/kschwarz/git/php-sdk/tests/HEXONET/SocketConfigTest.php" tests="1" assertions="1" errors="0" warnings="0" failures="0" skipped="0" time="0.001184">
        <testcase name="testGetPOSTData" class="CNICTEST\SocketConfigTest" classname="CNICTEST.SocketConfigTest" file="/home/ad.ks.de/kschwarz/git/php-sdk/tests/HEXONET/SocketConfigTest.php" line="14" assertions="1" time="0.001184"/>
      </testsuite>
    </testsuite>
  </testsuite>
</testsuites>
